<?xml version="1.0" encoding="UTF-8"?>
<testsuite name="com.sachdeva.controller.CompanyControllerTest" tests="1" skipped="0" failures="0" errors="0" timestamp="2024-05-02T22:54:11" hostname="Kunals-Mac.local" time="0.943">
  <properties/>
  <testcase name="searchCompanyByCompanyNumber()" classname="com.sachdeva.controller.CompanyControllerTest" time="0.943"/>
  <system-out><![CDATA[23:54:10.177 [Test worker] INFO org.springframework.test.context.support.AnnotationConfigContextLoaderUtils -- Could not detect default configuration classes for test class [com.sachdeva.controller.CompanyControllerTest]: CompanyControllerTest does not declare any static, non-private, non-final, nested classes annotated with @Configuration.
23:54:10.233 [Test worker] INFO org.springframework.boot.test.context.SpringBootTestContextBootstrapper -- Found @SpringBootConfiguration com.sachdeva.Main for test class com.sachdeva.controller.CompanyControllerTest

  .   ____          _            __ _ _
 /\\ / ___'_ __ _ _(_)_ __  __ _ \ \ \ \
( ( )\___ | '_ | '_| | '_ \/ _` | \ \ \ \
 \\/  ___)| |_)| | | | | || (_| |  ) ) ) )
  '  |____| .__|_| |_|_| |_\__, | / / / /
 =========|_|==============|___/=/_/_/_/
 :: Spring Boot ::                (v3.2.5)

2024-05-02T23:54:10.750+01:00  INFO 18198 --- [    Test worker] c.s.controller.CompanyControllerTest     : Starting CompanyControllerTest using Java 17.0.2 with PID 18198 (started by kunalsachdeva in /Users/kunalsachdeva/IdeaProjects/CompanySearch)
2024-05-02T23:54:10.751+01:00  INFO 18198 --- [    Test worker] c.s.controller.CompanyControllerTest     : No active profile set, falling back to 1 default profile: "default"
2024-05-02T23:54:11.257+01:00  INFO 18198 --- [    Test worker] o.s.b.w.embedded.tomcat.TomcatWebServer  : Tomcat initialized with port 0 (http)
2024-05-02T23:54:11.265+01:00  INFO 18198 --- [    Test worker] o.apache.catalina.core.StandardService   : Starting service [Tomcat]
2024-05-02T23:54:11.265+01:00  INFO 18198 --- [    Test worker] o.apache.catalina.core.StandardEngine    : Starting Servlet engine: [Apache Tomcat/10.1.20]
2024-05-02T23:54:11.290+01:00  INFO 18198 --- [    Test worker] o.a.c.c.C.[Tomcat].[localhost].[/]       : Initializing Spring embedded WebApplicationContext
2024-05-02T23:54:11.291+01:00  INFO 18198 --- [    Test worker] w.s.c.ServletWebServerApplicationContext : Root WebApplicationContext: initialization completed in 531 ms
2024-05-02T23:54:11.583+01:00  INFO 18198 --- [    Test worker] o.s.b.a.e.web.EndpointLinksResolver      : Exposing 1 endpoint(s) beneath base path '/actuator'
2024-05-02T23:54:11.611+01:00  INFO 18198 --- [    Test worker] o.s.b.w.embedded.tomcat.TomcatWebServer  : Tomcat started on port 58911 (http) with context path ''
2024-05-02T23:54:11.619+01:00  INFO 18198 --- [    Test worker] c.s.controller.CompanyControllerTest     : Started CompanyControllerTest in 0.98 seconds (process running for 1.861)
2024-05-02T23:54:12.212+01:00  INFO 18198 --- [o-auto-1-exec-1] o.a.c.c.C.[Tomcat].[localhost].[/]       : Initializing Spring DispatcherServlet 'dispatcherServlet'
2024-05-02T23:54:12.212+01:00  INFO 18198 --- [o-auto-1-exec-1] o.s.web.servlet.DispatcherServlet        : Initializing Servlet 'dispatcherServlet'
2024-05-02T23:54:12.213+01:00  INFO 18198 --- [o-auto-1-exec-1] o.s.web.servlet.DispatcherServlet        : Completed initialization in 1 ms
Hitting company service with url: https://exercise.trunarrative.cloud/TruProxyAPI/rest/Companies/v1/Search?Query=06500244 and headers: {}[x-api-key:"PwewCEztSW7XlaAKqkg4IaOsPelGynw6SN9WsbNf", Content-Type:"application/json"]
Hitting officer service with url: https://exercise.trunarrative.cloud/TruProxyAPI/rest/Companies/v1/Officers?CompanyNumber=06500244 and headers: {}[x-api-key:"PwewCEztSW7XlaAKqkg4IaOsPelGynw6SN9WsbNf", Content-Type:"application/json"]
]]></system-out>
  <system-err><![CDATA[SLF4J: No SLF4J providers were found.
SLF4J: Defaulting to no-operation (NOP) logger implementation
SLF4J: See https://www.slf4j.org/codes.html#noProviders for further details.
SLF4J: Class path contains SLF4J bindings targeting slf4j-api versions 1.7.x or earlier.
SLF4J: Ignoring binding found at [jar:file:/Users/kunalsachdeva/.gradle/caches/modules-2/files-2.1/org.wiremock/wiremock-standalone/3.2.0/a35a91a9ffde10e9308fc2ee0449a19426abded7/wiremock-standalone-3.2.0.jar!/wiremock/org/slf4j/impl/StaticLoggerBinder.class]
SLF4J: See https://www.slf4j.org/codes.html#ignoredBindings for an explanation.
]]></system-err>
</testsuite>
